<?xml version="1.0" encoding="UTF-8"?>
<testng-results skipped="0" failed="0" ignored="0" total="1" passed="1">
  <reporter-output>
  </reporter-output>
  <suite name="tests.TestCases" duration-ms="54339" started-at="2018-06-16T18:05:05Z" finished-at="2018-06-16T18:06:00Z">
    <groups>
    </groups>
    <test name="Command line test" duration-ms="54339" started-at="2018-06-16T18:05:05Z" finished-at="2018-06-16T18:06:00Z">
      <class name="tests.TestCases">
        <test-method status="PASS" signature="setUpFunction()[pri:0, instance:tests.TestCases@3498ed]" name="setUpFunction" is-config="true" duration-ms="17242" started-at="2018-06-16T18:05:05Z" finished-at="2018-06-16T18:05:23Z">
          <reporter-output>
          </reporter-output>
        </test-method> <!-- setUpFunction -->
        <test-method status="PASS" signature="TestCase1()[pri:0, instance:tests.TestCases@3498ed]" name="TestCase1" duration-ms="36510" started-at="2018-06-16T18:05:23Z" finished-at="2018-06-16T18:05:59Z">
          <reporter-output>
          </reporter-output>
        </test-method> <!-- TestCase1 -->
        <test-method status="PASS" signature="tearDown()[pri:0, instance:tests.TestCases@3498ed]" name="tearDown" is-config="true" duration-ms="548" started-at="2018-06-16T18:05:59Z" finished-at="2018-06-16T18:06:00Z">
          <reporter-output>
          </reporter-output>
        </test-method> <!-- tearDown -->
      </class> <!-- tests.TestCases -->
    </test> <!-- Command line test -->
  </suite> <!-- tests.TestCases -->
</testng-results>
