<?xml version="1.0" encoding="UTF-8"?>
<testng-results skipped="0" failed="0" ignored="0" total="1" passed="1">
  <reporter-output>
  </reporter-output>
  <suite name="Default suite" duration-ms="43090" started-at="2018-06-16T17:26:56Z" finished-at="2018-06-16T17:27:39Z">
    <groups>
    </groups>
    <test name="Default test" duration-ms="43090" started-at="2018-06-16T17:26:56Z" finished-at="2018-06-16T17:27:39Z">
      <class name="tests.TestCases">
        <test-method status="PASS" signature="setUpFunction()[pri:0, instance:tests.TestCases@91161c7]" name="setUpFunction" is-config="true" duration-ms="14059" started-at="2018-06-16T17:26:56Z" finished-at="2018-06-16T17:27:10Z">
          <reporter-output>
          </reporter-output>
        </test-method> <!-- setUpFunction -->
        <test-method status="PASS" signature="TestCase1()[pri:0, instance:tests.TestCases@91161c7]" name="TestCase1" duration-ms="28326" started-at="2018-06-16T17:27:10Z" finished-at="2018-06-16T17:27:38Z">
          <reporter-output>
          </reporter-output>
        </test-method> <!-- TestCase1 -->
        <test-method status="PASS" signature="tearDown()[pri:0, instance:tests.TestCases@91161c7]" name="tearDown" is-config="true" duration-ms="626" started-at="2018-06-16T17:27:38Z" finished-at="2018-06-16T17:27:39Z">
          <reporter-output>
          </reporter-output>
        </test-method> <!-- tearDown -->
      </class> <!-- tests.TestCases -->
    </test> <!-- Default test -->
  </suite> <!-- Default suite -->
</testng-results>
